2025-04-14 14:36:48,144 - INFO - Sistema iniciado e pronto para extração.
2025-04-14 14:36:53,323 - INFO - Inicializando extração...
2025-04-14 14:36:53,791 - INFO - Extração em andamento...
2025-04-14 14:36:53,803 - INFO - Iniciando processo de extração de dados...
2025-04-14 14:37:37,544 - INFO - SUCESSO: Arquivo baixado com sucesso.
2025-04-14 14:37:37,563 - INFO - Arquivo excluído: CSVssw0036aLDI[1]143717.sswweb
2025-04-14 14:37:37,569 - INFO - Arquivo excluído: CSVssw0036aLDI[1]143717.sswweb
2025-04-14 14:37:37,576 - INFO - Extração concluída com sucesso
2025-04-14 14:37:39,777 - INFO - Aguardando próxima execução...
2025-04-14 14:37:39,789 - INFO - Aguardando 1 hora para próxima execução...
2025-04-14 14:37:39,802 - INFO - --------------------------------------------------------------------------------
2025-04-14 14:38:24,107 - INFO - Extração interrompida
2025-04-14 14:38:31,268 - INFO - Sistema iniciado e pronto para extração.
2025-04-14 14:38:33,322 - INFO - Inicializando extração...
2025-04-14 14:38:33,781 - INFO - Extração em andamento...
2025-04-14 14:38:33,795 - INFO - Iniciando processo de extração de dados...
2025-04-14 14:39:17,422 - INFO - SUCESSO: Arquivo baixado com sucesso.
2025-04-14 14:39:17,440 - INFO - Arquivo excluído: CSVssw0036aLDI[1]143858.sswweb
2025-04-14 14:39:17,463 - INFO - Arquivo excluído: CSVssw0036aLDI[1]143858.sswweb
2025-04-14 14:39:17,478 - INFO - Extração concluída com sucesso
2025-04-14 14:39:19,671 - INFO - Aguardando próxima execução...
2025-04-14 14:39:19,685 - INFO - Aguardando 1 hora para próxima execução...
2025-04-14 14:39:19,687 - INFO - --------------------------------------------------------------------------------
2025-04-14 14:45:38,989 - INFO - Extração interrompida
2025-04-14 14:46:26,113 - INFO - Sistema iniciado e pronto para extração.
2025-04-14 14:46:27,148 - INFO - Inicializando extração...
2025-04-14 14:46:27,637 - INFO - Extração em andamento...
2025-04-14 14:46:27,646 - INFO - Iniciando processo de extração de dados...
2025-04-14 14:47:12,302 - INFO - SUCESSO: Arquivo baixado com sucesso.
2025-04-14 14:47:12,313 - INFO - Arquivo excluído: CSVssw0036aLDI[1]142312.sswweb
2025-04-14 14:47:12,322 - INFO - Arquivo excluído: CSVssw0036aLDI[1]142312.sswweb
2025-04-14 14:47:12,333 - INFO - Extração concluída com sucesso
2025-04-14 14:47:14,510 - INFO - Aguardando próxima execução...
2025-04-14 14:47:14,519 - INFO - Aguardando 1 hora para próxima execução...
2025-04-14 14:47:14,529 - INFO - --------------------------------------------------------------------------------
2025-04-14 14:47:40,620 - INFO - Extração interrompida
