2025-04-14 14:05:51,707 - WARNING - The msedgedriver version (134.0.3124.51) detected in PATH at C:\Users\LOGDI\AppData\Local\Programs\Python\Python313\msedgedriver.exe might not be compatible with the detected MicrosoftEdge version (135.0.3179.73); currently, msedgedriver 135.0.3179.73 is recommended for MicrosoftEdge 135.*, so it is advised to delete the driver in PATH and retry
2025-04-14 14:05:55,350 - ERROR - Erro crítico: Message: session not created: probably user data directory is already in use, please specify a unique value for --user-data-dir argument, or don't use --user-data-dir
Stacktrace:
	GetHandleVerifier [0x00007FF6EA7AA7D5+20677]
	simdutf::get_active_implementation [0x00007FF6EA706F80+492656]
	Microsoft::Applications::Events::EventProperty::to_string [0x00007FF6EA9FDC8A+1807418]
	(No symbol) [0x00007FF6EA5321B2]
	(No symbol) [0x00007FF6EA52FDD7]
	(No symbol) [0x00007FF6EA573A99]
	(No symbol) [0x00007FF6EA5681C3]
	(No symbol) [0x00007FF6EA53CC36]
	(No symbol) [0x00007FF6EA53C0C4]
	(No symbol) [0x00007FF6EA53CA63]
	(No symbol) [0x00007FF6EA6258DD]
	(No symbol) [0x00007FF6EA631D42]
	(No symbol) [0x00007FF6EA62A703]
	Microsoft::Applications::Events::EventProperty::to_string [0x00007FF6EA8847DA+262026]
	simdutf::get_active_implementation [0x00007FF6EA7146B1+547745]
	simdutf::get_active_implementation [0x00007FF6EA70D964+519764]
	simdutf::get_active_implementation [0x00007FF6EA70DAA9+520089]
	simdutf::get_active_implementation [0x00007FF6EA6FF656+461638]
	BaseThreadInitThunk [0x00007FFDE7C27374+20]
	RtlUserThreadStart [0x00007FFDE84DCC91+33]

